<?xml version="1.0" encoding="UTF-8"?>
<!-- Generated by org.testng.reporters.JUnitXMLReporter -->
<testsuite hostname="Easyway-pc" name="Default test" tests="4" failures="0" timestamp="26 Jun 2018 09:33:49 GMT" time="0.061" errors="0">
  <testcase name="First" time="0.008" classname="com.test.GmailTest2"/>
  <testcase name="Fourth" time="0.004" classname="com.test.GmailTest2"/>
  <testcase name="Second" time="0.004" classname="com.test.GmailTest2"/>
  <testcase name="Thrid" time="0.004" classname="com.test.GmailTest2"/>
</testsuite> <!-- Default test -->
