<?xml version="1.0" encoding="UTF-8"?>
<!-- Generated by org.testng.reporters.JUnitXMLReporter -->
<testsuite hostname="Easyway-pc" name="Test" tests="1" failures="1" timestamp="21 Jun 2018 08:14:38 GMT" time="50.563" errors="0">
  <testcase name="testEasy" time="41.517" classname="com.test.TestingNG">
    <failure type="java.lang.AssertionError" message="expected [true] but found [false]">
      <![CDATA[java.lang.AssertionError: expected [true] but found [false]
	at com.test.TestingNG.testEasy(TestingNG.java:18)
... Removed 28 stack frames]]>
    </failure>
  </testcase> <!-- testEasy -->
</testsuite> <!-- Test -->
