<?xml version="1.0" encoding="UTF-8"?>
<testng-results skipped="0" failed="0" total="1" passed="1">
  <reporter-output>
  </reporter-output>
  <suite name="Default suite" duration-ms="24250" started-at="2018-06-27T05:17:05Z" finished-at="2018-06-27T05:17:29Z">
    <groups>
    </groups>
    <test name="Default test" duration-ms="24250" started-at="2018-06-27T05:17:05Z" finished-at="2018-06-27T05:17:29Z">
      <class name="com.test.GmailTest">
        <test-method status="PASS" signature="beforeTest()[pri:0, instance:com.test.GmailTest@29ee9faa]" name="beforeTest" is-config="true" duration-ms="4230" started-at="2018-06-27T10:47:05Z" finished-at="2018-06-27T10:47:09Z">
          <reporter-output>
          </reporter-output>
        </test-method> <!-- beforeTest -->
        <test-method status="PASS" signature="successfulLogin()[pri:0, instance:com.test.GmailTest@29ee9faa]" name="successfulLogin" duration-ms="20002" started-at="2018-06-27T10:47:09Z" finished-at="2018-06-27T10:47:29Z">
          <reporter-output>
          </reporter-output>
        </test-method> <!-- successfulLogin -->
        <test-method status="PASS" signature="afterTest()[pri:0, instance:com.test.GmailTest@29ee9faa]" name="afterTest" is-config="true" duration-ms="0" started-at="2018-06-27T10:47:29Z" finished-at="2018-06-27T10:47:29Z">
          <reporter-output>
          </reporter-output>
        </test-method> <!-- afterTest -->
      </class> <!-- com.test.GmailTest -->
    </test> <!-- Default test -->
  </suite> <!-- Default suite -->
</testng-results>
