<?xml version="1.0" encoding="UTF-8"?>
<testng-results skipped="0" failed="0" total="4" passed="4">
  <reporter-output>
  </reporter-output>
  <suite name="Default suite" duration-ms="61" started-at="2018-06-26T09:33:49Z" finished-at="2018-06-26T09:33:49Z">
    <groups>
    </groups>
    <test name="Default test" duration-ms="61" started-at="2018-06-26T09:33:49Z" finished-at="2018-06-26T09:33:49Z">
      <class name="com.test.GmailTest2">
        <test-method status="PASS" signature="beforeTest()[pri:0, instance:com.test.GmailTest2@28feb3fa]" name="beforeTest" is-config="true" duration-ms="12" started-at="2018-06-26T15:03:49Z" finished-at="2018-06-26T15:03:49Z">
          <reporter-output>
          </reporter-output>
        </test-method> <!-- beforeTest -->
        <test-method status="PASS" signature="First()[pri:0, instance:com.test.GmailTest2@28feb3fa]" name="First" duration-ms="8" started-at="2018-06-26T15:03:49Z" finished-at="2018-06-26T15:03:49Z">
          <reporter-output>
          </reporter-output>
        </test-method> <!-- First -->
        <test-method status="PASS" signature="Fourth()[pri:0, instance:com.test.GmailTest2@28feb3fa]" name="Fourth" duration-ms="4" started-at="2018-06-26T15:03:49Z" finished-at="2018-06-26T15:03:49Z">
          <reporter-output>
          </reporter-output>
        </test-method> <!-- Fourth -->
        <test-method status="PASS" signature="Second()[pri:0, instance:com.test.GmailTest2@28feb3fa]" name="Second" duration-ms="4" started-at="2018-06-26T15:03:49Z" finished-at="2018-06-26T15:03:49Z">
          <reporter-output>
          </reporter-output>
        </test-method> <!-- Second -->
        <test-method status="PASS" signature="Thrid()[pri:0, instance:com.test.GmailTest2@28feb3fa]" name="Thrid" duration-ms="4" started-at="2018-06-26T15:03:49Z" finished-at="2018-06-26T15:03:49Z">
          <reporter-output>
          </reporter-output>
        </test-method> <!-- Thrid -->
        <test-method status="PASS" signature="afterTest()[pri:0, instance:com.test.GmailTest2@28feb3fa]" name="afterTest" is-config="true" duration-ms="0" started-at="2018-06-26T15:03:49Z" finished-at="2018-06-26T15:03:49Z">
          <reporter-output>
          </reporter-output>
        </test-method> <!-- afterTest -->
      </class> <!-- com.test.GmailTest2 -->
    </test> <!-- Default test -->
  </suite> <!-- Default suite -->
</testng-results>
